00000805
00000753
00000078
00000962
00001007
00000950
00000673
00000082
00000822
00000445
00000954
00000357
00000117
00000070
00000496
00001089
00000705
00001025
00000373
00000614
00000924
00000094
00000183
00000790
00000598
00001112
00000118
00000488
00000519
00000059
00000166
00000594
00000704
00000969
00001145
00000676
00000784
00000553
00000690
00000319
00000538
00000424
00000029
00000287
00000010
00001042
00000159
00000425
00000323
00000422
00000762
00000052
00000437
00000712
00000666
00000546
00000883
00000748
00001111
00001173
00000122
00000856
00000194
00000692
00001146
00001216
00000520
00000391
00000401
00000756
00000765
00000177
00000037
00000904
00001085
00000423
00001202
00000161
00000540
00000557
00000407
00000611
00000239
00000146
00000535
00001153
00001122
00000251
00000667
00000124
00000471
00000842
00000179
00000258
00000965
00000090
00000378
00000074
00001198
00000941
00000339
00000772
00001081
00000830
00000384
00000205
00000441
00000327
00000415
00000754
00000214
00000820
00000938
00000150
00000572
00000143
00001149
00000863
00001211
00000162
00000352
00001158
00000163
00000182
00001231
00000093
00000801
00000225
00000481
00000860
00001154
00000119
00000669
00000843
00000149
00000171
00000850
00000216
00000585
00000114
00001021
00000217
00001077
00001104
00000697
00000532
00000204
00001200
00000711
00000527
00000742
00000624
00000108
00001028
00001220
00000310
00000577
00000371
00000000
00001005
00000018
00000781
00000574
00000328
00000479
00000743
00000115
00001043
00000607
00001215
00000290
00000218
00000911
00000786
00000952
00000236
00000966
00000421
00000724
00000023
00000949
00000261
00000751
00001100
00000931
00000872
00001015
00000005
00000678
00000257
00000088
00000499
00000201
00000369
00000226
00000075
00001214
00000428
00001095
00000825
00000402
00000634
00000199
00000128
00000963
00001140
00001090
00000773
00001156
00001041
00001070
00001155
00001134
00000133
00000292
00000922
00001047
00001209
00000071
00000068
00000294
00000780
00000649
00000990
00000219
00000228
00000486
00001074
00000403
00001037
00000190
00000107
00000383
00000738
00000363
00001224
00000101
00000739
00000079
00001184
00000933
00000364
00000340
00000009
00001181
00000629
00000366
00000472
00000254
00000307
00000229
00000300
00000080
00001013
00000915
00000838
00000991
00000073
00001139
00000833
00000541
00000022
00000788
00001136
00000062
00001073
00000683
00001026
00000719
00000202
00000583
00000233
00000040
00000263
00000220
00000145
00000947
00000234
00000796
00000528
00000168
00001107
00000096
00001046
00001178
00000227
00000197
00001069
00000989
00001052
00000536
00000578
00000297
00000972
00000789
00001109
00000127
00000744
00001188
00001193
00000984
00000132
00000740
00000203
00000240
00000089
00000154
00001210
00000273
00000136
00000862
00000250
00000567
00000215
00000999
00000569
00000758
00000886
00001132
00001045
00000178
00000500
00000406
00000895
00000660
00001087
00000854
00000289
00000212
00000728
00000995
00000213
00001049
00000802
00000545
00000675
00000451
00000385
00000024
00001166
00000277
00000633
00000971
00001010
00000374
00000152
00000343
00000417
00000746
00000377
00000618
00000916
00001148
00000817
00000539
00000509
00000470
00000308
00000980
00000315
00001223
00001196
00001033
00000452
00001161
00000046
00000877
00000285
00000794
00000741
00000816
00000505
00000526
00000810
00000302
00000478
00000853
00000483
00000266
00000665
00000155
00000284
00001059
00000312
00000296
00000548
00000898
00001174
00000091
00000341
00001018
00000716
00000992
00001232
00000469
00000440
00001152
00000420
00001065
00000394
00000590
00000081
00000376
00000988
00000981
00000466
00000782
00000047
00000671
00001054
00000208
00000331
00000174
00000828
00000752
00000275
00000627
00000537
00000686
00000514
00000286
00001162
00001056
00000462
00000664
00000245
00000361
00000616
00001170
00001071
00000876
00001083
00000702
00000147
00000747
00001001
00000668
00000393
00000928
00001050
00000961
00001034
00000008
00000468
00001120
00000260
00000113
00000839
00000698
00000242
00000670
00001032
00000591
00001150
00000309
00000722
00001182
00000767
00000892
00000054
00000650
00001044
00000169
00000798
00000457
00000034
00000283
00000529
00000332
00000241
00000621
00000264
00000993
00000663
00001206
00000209
00000930
00001143
00000764
00000749
00001213
00001123
00000151
00000419
00000448
00000661
00001062
00000554
00000623
00001006
00000106
00000967
00001023
00001164
00001183
00000600
00000970
00000901
00000680
00000603
00000832
00000718
00000450
00000007
00000041
00000408
00000131
00001094
00001075
00000280
00000703
00000141
00000362
00001115
00001064
00000563
00000476
00000858
00000617
00000682
00000919
00000783
00000709
00001230
00000997
00001009
00000157
00000439
00000135
00000156
00000414
00000770
00000077
00000160
00000395
00000769
00000035
00000279
00000060
00000100
00000063
00000389
00001226
00000097
00000568
00000492
00000329
00000725
00000929
00000276
00000555
00000248
00000512
00001176
00000755
00000662
00000210
00000288
00000852
00000897
00000281
00000613
00000826
00001079
00000430
00000731
00000303
00000523
00000409
00000325
00000530
00001119
00000444
00001118
00000181
00000153
00001101
00000475
00000338
00000631
00000642
00000672
00001051
00000533
00000464
00000848
00000330
00000841
00001125
00001169
00000815
00000589
00000092
00000559
00000887
00001163
00000016
00000455
00000978
00000948
00000975
00001212
00000615
00000138
00000116
00000256
00000306
00000622
00000699
00001165
00000951
00001197
00000840
00000193
00000370
00000968
00001227
00000861
00000381
00001151
00000889
00000917
00000044
00000317
00000353
00001129
00000033
00000688
00000834
00000017
00000400
00000020
00000110
00000560
00001022
00000191
00000354
00000011
00000964
00001221
00000867
00001138
00001186
00000818
00000102
00000061
00001172
00000654
00000733
00000508
00000906
00001108
00000640
00000491
00000715
00000908
00000065
00000516
00001098
00000847
00000936
00000831
00000198
00001124
00000777
00000336
00000506
00000480
00000580
00000945
00000129
00001160
00000447
00000896
00000497
00001002
00001004
00000015
00001201
00000137
00000809
00000200
00000587
00000706
00000346
00000387
00001063
00001080
00000066
00001234
00000923
00001088
00000799
00000372
00001040
00000083
00000211
00000588
00000561
00001135
00001190
00000888
00000333
00000946
00000058
00001191
00000707
00000531
00000891
00001157
00001218
00001068
00000050
00001019
00000730
00001159
00000525
00000123
00000269
00000039
00000517
00001060
00000648
00000349
00000249
00000105
00000745
00001029
00000356
00000072
00000593
00000086
00000893
00000694
00000454
00000955
00000595
00001053
00000244
00000599
00000375
00001219
00000875
00000038
00001016
00000638
00001235
00000230
00000490
00001078
00000573
00000432
00000602
00000543
00000134
00000996
00000435
00000994
00001194
00000189
00000645
00000524
00001103
00000679
00000793
00001185
00000398
00000864
00001055
00000298
00000940
00000042
00000504
00001171
00000912
00000320
00000986
00000807
00000467
00000977
00000534
00000835
00000652
00000761
00000411
00000695
00000126
00000390
00000316
00000404
00000045
00000246
00000651
00000021
00000426
00000959
00000907
00000597
00000360
00000564
00000446
00000324
00000442
00000693
00000881
00000487
00001082
00000334
00000710
00000026
00000305
00000785
00000413
00000282
00000259
00001114
00000787
00000140
00000973
00000293
00000055
00001208
00000900
00000880
00001113
00000064
00000461
00001097
00001057
00001030
00001058
00000265
00000314
00000732
00000803
00000882
00000905
00000196
00000501
00000836
00000592
00000342
00000575
00000878
00001035
00000434
00000792
00000104
00001167
00000429
00000274
00000185
00000252
00000953
00000681
00000318
00000167
00000473
00001126
00001031
00001137
00000221
00000084
00000823
00000495
00000087
00000885
00000813
00000871
00001179
00000396
00000004
00001117
00000515
00000714
00000304
00000335
00001039
00000551
00000344
00001222
00000410
00000076
00000865
00000358
00000103
00000736
00000405
00000800
00000804
00000657
00000737
00001038
00000869
00000884
00000976
00000313
00000148
00000271
00000632
00000485
00000735
00000806
00000879
00000477
00000522
00000032
00000518
00000774
00000130
00000222
00000112
00000824
00000412
00000643
00000142
00000456
00000120
00000431
00000626
00001027
00001066
00000635
00000890
00000053
00000570
00000326
00000397
00000914
00000605
00000829
00001217
00000544
00001048
00000513
00000036
00000311
00000641
00000170
00000489
00000851
00000180
00000003
00000677
00000921
00001086
00000247
00000507
00000503
00000351
00000983
00000322
00000255
00001228
00000463
00000763
00000348
00000172
00000729
00000502
00000982
00000542
00000606
00001128
00000272
00000125
00000846
00001131
00000494
00000894
00001084
00000942
00000644
00000321
00000612
00000582
00000043
00000270
00000399
00000465
00000918
00000291
00000025
00000913
00000778
00001000
00001130
00001092
00000684
00000301
00000498
00000253
00001116
00000565
00001099
00000656
00000453
00001144
00000998
00001061
00001204
00000359
00000759
00000510
00000418
00001168
00000960
00000701
00000902
00000550
00000610
00000002
00000927
00001014
00001177
00000766
00000944
00000019
00000934
00000987
00000386
00000700
00000811
00000874
00000223
00001076
00001225
00001012
00000720
00001199
00000013
00000368
00001017
00001229
00000493
00000243
00000866
00001121
00000547
00001180
00000028
00001192
00000857
00000165
00000030
00000647
00000596
00000586
00000188
00000979
00000552
