00000175
00000330
00000659
00000101
00000899
00000640
00000895
00001114
00000208
00000049
00001149
00000111
00000359
00000019
00000059
00001039
00001002
00000368
00000357
00000639
00000426
00000492
00000981
00001165
00000076
00000957
00001173
00000777
00000235
00000244
00000760
00000458
00001051
00000353
00000416
00000275
00001083
00000119
00000158
00000824
00000398
00001138
00000479
00000890
00000587
00000184
00000415
00000893
00000804
00000164
00000391
00000403
00000151
00000614
00000595
00000115
00000553
00001059
00000339
00000018
00000281
00000463
00000841
00001167
00000651
00001075
00000756
00000163
00000424
00000032
00000192
00000014
00000476
00000594
00000967
00000656
00000176
00000964
00000852
00000136
00001178
00001066
00000735
00000662
00001143
00000737
00000461
00000383
00000362
00000832
00001069
00000555
00000775
00000109
00000432
00000327
00000397
00000961
00000273
00000647
00000842
00000206
00001151
00000763
00000611
00000216
00000858
00000390
00000092
00000373
00000856
00000366
00000866
00001070
00000516
00000040
00000833
00000195
00001175
00000679
00001087
00000734
00000295
00000491
00000323
00000298
00000970
00000348
00000514
00000325
00000608
00000094
00001103
00000380
00000658
00000450
00000181
00000909
00000360
00001034
00001032
00000621
00000400
00000657
00000649
00000603
00000180
00000829
00000666
00000123
00001086
00000580
00000792
00000751
00000367
00000885
00000063
00000669
00000183
00000719
00000598
00000436
00000830
00000231
00000268
00000820
00000863
00001058
00000676
00000714
00000224
00000998
00000645
00001160
00000200
00001102
